#
# A fatal error has been detected by the Java Runtime Environment:
#
#  EXCEPTION_ACCESS_VIOLATION (0xc0000005) at pc=0x5b8bd75e, pid=16688, tid=8280
#
# JRE version: 6.0_21-b07
# Java VM: Java HotSpot(TM) Client VM (17.0-b17 mixed mode, sharing windows-x86 )
# Problematic frame:
# C  [igdumdim32.dll+0x6d75e]
#
# If you would like to submit a bug report, please visit:
#   http://java.sun.com/webapps/bugreport/crash.jsp
# The crash happened outside the Java Virtual Machine in native code.
# See problematic frame for where to report the bug.
#

---------------  T H R E A D  ---------------

Current thread (0x04ad0800):  JavaThread "Loop thread: com.sun.media.renderer.video.DDRenderer@27391d" daemon [_thread_in_native, id=8280, stack(0x08890000,0x088e0000)]

siginfo: ExceptionCode=0xc0000005, reading address 0x00000008

Registers:
EAX=0x089e0000, EBX=0x088df508, ECX=0x006c7f20, EDX=0x00684d34
ESP=0x088df444, EBP=0x088df44c, ESI=0x00000000, EDI=0x006818c0
EIP=0x5b8bd75e, EFLAGS=0x00010246

Top of Stack: (sp=0x088df444)
0x088df444:   006818c0 00684d34 088df500 5b89a0b4
0x088df454:   00684d34 00000000 d37524cc 00000000
0x088df464:   5b899e70 00020000 5ba73aa8 00000059
0x088df474:   006818d0 088df530 006aa828 8007000e
0x088df484:   00000000 006c7f20 00000000 40000780
0x088df494:   00000012 0000003d 0000013e 00000169
0x088df4a4:   00000000 00000000 0000012c 0000012c
0x088df4b4:   006aba18 00000058 00000000 0010109c 

Instructions: (pc=0x5b8bd75e)
0x5b8bd74e:   cc cc 55 8b ec 8b 55 08 56 8b 75 0c 57 8b 42 1c
0x5b8bd75e:   8b 4e 08 8b 3e 39 3c c8 74 0f 8b 4a 24 89 4e 08 


Stack: [0x08890000,0x088e0000],  sp=0x088df444,  free space=13d088ded94k
Native frames: (J=compiled Java code, j=interpreted, Vv=VM code, C=native code)
C  [igdumdim32.dll+0x6d75e]
C  [igdumdim32.dll+0x4a0b4]
C  [DDRAW.dll+0x43af4]
C  [DDRAW.dll+0x61a2b]

Java frames: (J=compiled Java code, j=interpreted, Vv=VM code)
j  com.sun.media.renderer.video.DDRenderer.dxDraw(Ljava/lang/Object;JII)Z+0
j  com.sun.media.renderer.video.DDRenderer.doProcess(Ljavax/media/Buffer;)I+217
j  com.sun.media.renderer.video.BasicVideoRenderer.process(Ljavax/media/Buffer;)I+18
j  com.sun.media.BasicRendererModule.processBuffer(Ljavax/media/Buffer;)I+357
j  com.sun.media.BasicRendererModule.scheduleBuffer(Ljavax/media/Buffer;)Z+164
j  com.sun.media.BasicRendererModule.doProcess()Z+330
j  com.sun.media.RenderThread.process()Z+4
j  com.sun.media.util.LoopThread.run()V+14
v  ~StubRoutines::call_stub

---------------  P R O C E S S  ---------------

Java Threads: ( => current thread )
  0x04ad0000 JavaThread "Loop thread: com.sun.media.parser.RawBufferParser$FrameTrack@1ac2f9c" daemon [_thread_blocked, id=12996, stack(0x08dd0000,0x08e20000)]
  0x04ad4400 JavaThread "Loop thread: com.sun.media.parser.RawBufferParser$FrameTrack@1d2068d" daemon [_thread_blocked, id=12700, stack(0x08d40000,0x08d90000)]
  0x04ad3c00 JavaThread "Loop thread: com.sun.media.renderer.audio.DirectAudioRenderer@bb7465" daemon [_thread_blocked, id=2264, stack(0x08cb0000,0x08d00000)]
  0x04ad5400 JavaThread "DirectSound Request Thread" daemon [_thread_blocked, id=11128, stack(0x08920000,0x08970000)]
=>0x04ad0800 JavaThread "Loop thread: com.sun.media.renderer.video.DDRenderer@27391d" daemon [_thread_in_native, id=8280, stack(0x08890000,0x088e0000)]
  0x04ad5000 JavaThread "JMF thread: com.sun.media.PlaybackEngine@6b7920[ com.sun.media.PlaybackEngine@6b7920 ] ( prefetchThread)" daemon [_thread_blocked, id=15504, stack(0x08800000,0x08850000)]
  0x04acf400 JavaThread "JMF thread: com.sun.media.content.unknown.Handler@1dfafd1[ com.sun.media.content.unknown.Handler@1dfafd1 ] ( prefetchThread)" daemon [_thread_blocked, id=17368, stack(0x08540000,0x08590000)]
  0x04ad3800 JavaThread "JMF thread (PlayThread)" daemon [_thread_blocked, id=12952, stack(0x06cc0000,0x06d10000)]
  0x04ace400 JavaThread "Loop thread" daemon [_thread_blocked, id=13640, stack(0x06ee0000,0x06f30000)]
  0x04a8c400 JavaThread "JMF thread: SendEventQueue: com.sun.media.PlaybackEngine" daemon [_thread_blocked, id=16628, stack(0x06c30000,0x06c80000)]
  0x04a8d400 JavaThread "JMF thread: SendEventQueue: com.sun.media.content.unknown.Handler" daemon [_thread_blocked, id=10332, stack(0x06ba0000,0x06bf0000)]
  0x04a8b800 JavaThread "RTPStream" daemon [_thread_blocked, id=5188, stack(0x06b10000,0x06b60000)]
  0x04a8ec00 JavaThread "SSRC Cache Cleaner" daemon [_thread_blocked, id=11596, stack(0x06a80000,0x06ad0000)]
  0x04a8c800 JavaThread "RTP Forwarder for address 224.224.123.0 port 8890" daemon [_thread_in_native, id=16308, stack(0x069f0000,0x06a40000)]
  0x04a8e800 JavaThread "RTCP Forwarder for address224.224.123.0 port 8891" daemon [_thread_in_native, id=12144, stack(0x06960000,0x069b0000)]
  0x04a8dc00 JavaThread "RTPEventHandler" daemon [_thread_blocked, id=4488, stack(0x068d0000,0x06920000)]
  0x04a8d000 JavaThread "RTCP Reporter" daemon [_thread_blocked, id=12524, stack(0x06840000,0x06890000)]
  0x04a8e000 JavaThread "RTPStream" daemon [_thread_blocked, id=14588, stack(0x067b0000,0x06800000)]
  0x04a81000 JavaThread "SSRC Cache Cleaner" daemon [_thread_blocked, id=14812, stack(0x06720000,0x06770000)]
  0x04a4f400 JavaThread "RTP Forwarder for address 224.224.123.0 port 8888" daemon [_thread_in_native, id=6180, stack(0x06690000,0x066e0000)]
  0x04a49800 JavaThread "RTCP Forwarder for address224.224.123.0 port 8889" daemon [_thread_in_native, id=9304, stack(0x06600000,0x06650000)]
  0x04a18800 JavaThread "RTPEventHandler" daemon [_thread_blocked, id=14628, stack(0x06450000,0x064a0000)]
  0x04a2b800 JavaThread "Thread-4" [_thread_in_native, id=8532, stack(0x063c0000,0x06410000)]
  0x04a17c00 JavaThread "AWT-EventQueue-1" [_thread_blocked, id=13436, stack(0x06320000,0x06370000)]
  0x02359000 JavaThread "DestroyJavaVM" [_thread_blocked, id=12528, stack(0x00470000,0x004c0000)]
  0x04951c00 JavaThread "AWT-EventQueue-0" [_thread_blocked, id=12340, stack(0x04d20000,0x04d70000)]
  0x04930800 JavaThread "thread applet-AudioVideoReceiver.class" [_thread_blocked, id=14996, stack(0x04db0000,0x04e00000)]
  0x04924800 JavaThread "AWT-Windows" daemon [_thread_in_native, id=1076, stack(0x04bd0000,0x04c20000)]
  0x04923c00 JavaThread "AWT-Shutdown" [_thread_blocked, id=10824, stack(0x04b40000,0x04b90000)]
  0x04923400 JavaThread "Java2D Disposer" daemon [_thread_blocked, id=16636, stack(0x04880000,0x048d0000)]
  0x0227e000 JavaThread "Low Memory Detector" daemon [_thread_blocked, id=12316, stack(0x04700000,0x04750000)]
  0x0227bc00 JavaThread "CompilerThread0" daemon [_thread_blocked, id=12808, stack(0x04670000,0x046c0000)]
  0x02278c00 JavaThread "Attach Listener" daemon [_thread_blocked, id=14584, stack(0x045e0000,0x04630000)]
  0x02276800 JavaThread "Signal Dispatcher" daemon [_thread_blocked, id=14648, stack(0x04550000,0x045a0000)]
  0x02230800 JavaThread "Finalizer" daemon [_thread_blocked, id=464, stack(0x044c0000,0x04510000)]
  0x0222f400 JavaThread "Reference Handler" daemon [_thread_blocked, id=5884, stack(0x04430000,0x04480000)]

Other Threads:
  0x0222e000 VMThread [stack: 0x043a0000,0x043f0000] [id=15052]
  0x02295000 WatcherThread [stack: 0x04790000,0x047e0000] [id=12464]

VM state:not at safepoint (normal execution)

VM Mutex/Monitor currently owned by a thread: None

Heap
 def new generation   total 4928K, used 4009K [0x27010000, 0x27560000, 0x2c560000)
  eden space 4416K,  85% used [0x27010000, 0x273bfae8, 0x27460000)
  from space 512K,  45% used [0x274e0000, 0x2751aba0, 0x27560000)
  to   space 512K,   0% used [0x27460000, 0x27460000, 0x274e0000)
 tenured generation   total 10944K, used 689K [0x2c560000, 0x2d010000, 0x37010000)
   the space 10944K,   6% used [0x2c560000, 0x2c60c4a8, 0x2c60c600, 0x2d010000)
 compacting perm gen  total 12288K, used 2222K [0x37010000, 0x37c10000, 0x3b010000)
   the space 12288K,  18% used [0x37010000, 0x3723b9b0, 0x3723ba00, 0x37c10000)
    ro space 10240K,  51% used [0x3b010000, 0x3b53b700, 0x3b53b800, 0x3ba10000)
    rw space 12288K,  54% used [0x3ba10000, 0x3c0a76c0, 0x3c0a7800, 0x3c610000)

Dynamic libraries:
0x00400000 - 0x00424000 	C:\Program Files (x86)\Java\jre6\bin\javaw.exe
0x77ca0000 - 0x77e19000 	C:\WINDOWS\SYSTEM32\ntdll.dll
0x75ee0000 - 0x75fd0000 	C:\WINDOWS\SYSTEM32\KERNEL32.DLL
0x77b20000 - 0x77c96000 	C:\WINDOWS\SYSTEM32\KERNELBASE.dll
0x75b30000 - 0x75bab000 	C:\WINDOWS\SYSTEM32\ADVAPI32.dll
0x77720000 - 0x777de000 	C:\WINDOWS\SYSTEM32\msvcrt.dll
0x74f70000 - 0x74fb3000 	C:\WINDOWS\SYSTEM32\sechost.dll
0x75330000 - 0x753dc000 	C:\WINDOWS\SYSTEM32\RPCRT4.dll
0x74db0000 - 0x74dce000 	C:\WINDOWS\SYSTEM32\SspiCli.dll
0x74da0000 - 0x74daa000 	C:\WINDOWS\SYSTEM32\CRYPTBASE.dll
0x74d40000 - 0x74d99000 	C:\WINDOWS\SYSTEM32\bcryptPrimitives.dll
0x75bb0000 - 0x75cf0000 	C:\WINDOWS\SYSTEM32\USER32.dll
0x74fc0000 - 0x7510d000 	C:\WINDOWS\SYSTEM32\GDI32.dll
0x77af0000 - 0x77b1b000 	C:\WINDOWS\SYSTEM32\IMM32.DLL
0x75db0000 - 0x75ed0000 	C:\WINDOWS\SYSTEM32\MSCTF.dll
0x74400000 - 0x7442b000 	C:\WINDOWS\SYSTEM32\nvinit.dll
0x74990000 - 0x74998000 	C:\WINDOWS\SYSTEM32\VERSION.dll
0x0f000000 - 0x0f006000 	C:\Program Files (x86)\NVIDIA Corporation\CoProcManager\_etoured.dll
0x70490000 - 0x704b9000 	C:\Program Files (x86)\NVIDIA Corporation\CoProcManager\nvd3d9wrap.dll
0x777e0000 - 0x77985000 	C:\WINDOWS\SYSTEM32\SETUPAPI.dll
0x77ab0000 - 0x77ae6000 	C:\WINDOWS\SYSTEM32\CFGMGR32.dll
0x70470000 - 0x7048e000 	C:\Program Files (x86)\NVIDIA Corporation\CoProcManager\nvdxgiwrap.dll
0x7c340000 - 0x7c396000 	C:\Program Files (x86)\Java\jre6\bin\msvcr71.dll
0x6d800000 - 0x6daa7000 	C:\Program Files (x86)\Java\jre6\bin\client\jvm.dll
0x72f00000 - 0x72f24000 	C:\WINDOWS\SYSTEM32\WINMM.dll
0x72ec0000 - 0x72ee3000 	C:\WINDOWS\SYSTEM32\WINMMBASE.dll
0x72e90000 - 0x72eb1000 	C:\WINDOWS\SYSTEM32\DEVOBJ.dll
0x707b0000 - 0x70841000 	C:\WINDOWS\system32\apphelp.dll
0x6d7b0000 - 0x6d7bc000 	C:\Program Files (x86)\Java\jre6\bin\verify.dll
0x6d330000 - 0x6d34f000 	C:\Program Files (x86)\Java\jre6\bin\java.dll
0x6d290000 - 0x6d298000 	C:\Program Files (x86)\Java\jre6\bin\hpi.dll
0x75ed0000 - 0x75ed6000 	C:\WINDOWS\SYSTEM32\PSAPI.DLL
0x6d7f0000 - 0x6d7ff000 	C:\Program Files (x86)\Java\jre6\bin\zip.dll
0x6d000000 - 0x6d14a000 	C:\Program Files (x86)\Java\jre6\bin\awt.dll
0x76060000 - 0x7614a000 	C:\WINDOWS\SYSTEM32\ole32.dll
0x75170000 - 0x7532a000 	C:\WINDOWS\SYSTEM32\combase.dll
0x729e0000 - 0x72a47000 	C:\WINDOWS\SYSTEM32\WINSPOOL.DRV
0x74060000 - 0x7407b000 	C:\WINDOWS\SYSTEM32\bcrypt.dll
0x72050000 - 0x72259000 	C:\WINDOWS\WinSxS\x86_microsoft.windows.common-controls_6595b64144ccf1df_6.0.10240.16384_none_3bccb1ff6bcd1849\COMCTL32.dll
0x5f4f0000 - 0x5f754000 	C:\WINDOWS\AppPatch\AcGenral.DLL
0x779a0000 - 0x779e4000 	C:\WINDOWS\SYSTEM32\SHLWAPI.dll
0x77a00000 - 0x77a92000 	C:\WINDOWS\SYSTEM32\OLEAUT32.dll
0x76160000 - 0x7751e000 	C:\WINDOWS\SYSTEM32\SHELL32.dll
0x70890000 - 0x70905000 	C:\WINDOWS\SYSTEM32\UxTheme.dll
0x70ff0000 - 0x71004000 	C:\WINDOWS\SYSTEM32\samcli.dll
0x755b0000 - 0x75a8c000 	C:\WINDOWS\SYSTEM32\windows.storage.dll
0x77590000 - 0x7759c000 	C:\WINDOWS\SYSTEM32\kernel.appcore.dll
0x74dd0000 - 0x74e5d000 	C:\WINDOWS\SYSTEM32\shcore.dll
0x713e0000 - 0x713f8000 	C:\WINDOWS\SYSTEM32\MSACM32.dll
0x77540000 - 0x77584000 	C:\WINDOWS\SYSTEM32\powrprof.dll
0x779f0000 - 0x779ff000 	C:\WINDOWS\SYSTEM32\profapi.dll
0x73850000 - 0x73869000 	C:\WINDOWS\SYSTEM32\USERENV.dll
0x70450000 - 0x7046d000 	C:\WINDOWS\SYSTEM32\dwmapi.dll
0x71190000 - 0x712f0000 	C:\WINDOWS\SYSTEM32\urlmon.dll
0x6ff80000 - 0x6ff97000 	C:\WINDOWS\SYSTEM32\MPR.dll
0x72710000 - 0x729d1000 	C:\WINDOWS\SYSTEM32\iertutil.dll
0x6d230000 - 0x6d284000 	C:\Program Files (x86)\Java\jre6\bin\fontmanager.dll
0x6d610000 - 0x6d623000 	C:\Program Files (x86)\Java\jre6\bin\net.dll
0x74e60000 - 0x74ebc000 	C:\WINDOWS\SYSTEM32\WS2_32.dll
0x76150000 - 0x76157000 	C:\WINDOWS\SYSTEM32\NSI.dll
0x72b90000 - 0x72bde000 	C:\WINDOWS\system32\mswsock.dll
0x6d630000 - 0x6d639000 	C:\Program Files (x86)\Java\jre6\bin\nio.dll
0x10000000 - 0x10015000 	C:\Windows\System32\jmutil.dll
0x72c20000 - 0x72c32000 	C:\WINDOWS\system32\napinsp.dll
0x72c00000 - 0x72c16000 	C:\WINDOWS\system32\pnrpnsp.dll
0x72be0000 - 0x72bf3000 	C:\WINDOWS\system32\NLAapi.dll
0x74520000 - 0x745a4000 	C:\WINDOWS\SYSTEM32\DNSAPI.dll
0x72a90000 - 0x72a9b000 	C:\WINDOWS\System32\winrnr.dll
0x724d0000 - 0x724d8000 	C:\Windows\System32\rasadhlp.dll
0x745b0000 - 0x745e0000 	C:\WINDOWS\SYSTEM32\IPHLPAPI.DLL
0x74460000 - 0x74468000 	C:\WINDOWS\SYSTEM32\WINNSI.DLL
0x72410000 - 0x72456000 	C:\WINDOWS\System32\fwpuclnt.dll
0x064a0000 - 0x064ab000 	C:\Windows\System32\jmvcm.dll
0x72f60000 - 0x72f83000 	C:\WINDOWS\SYSTEM32\MSVFW32.dll
0x06d20000 - 0x06d44000 	C:\Windows\System32\jmjpeg.dll
0x06d50000 - 0x06d58000 	C:\Windows\System32\jmddraw.dll
0x5f120000 - 0x5f20b000 	C:\WINDOWS\SYSTEM32\DDRAW.dll
0x6cb00000 - 0x6cb07000 	C:\WINDOWS\SYSTEM32\DCIMAN32.dll
0x74ec0000 - 0x74f02000 	C:\WINDOWS\SYSTEM32\WINTRUST.dll
0x77aa0000 - 0x77aae000 	C:\WINDOWS\SYSTEM32\MSASN1.dll
0x775a0000 - 0x77715000 	C:\WINDOWS\SYSTEM32\CRYPT32.dll
0x5f020000 - 0x5f119000 	C:\WINDOWS\SYSTEM32\nvumdshim.dll
0x5b850000 - 0x5c249000 	C:\WINDOWS\system32\igdumdim32.dll
0x5eca0000 - 0x5f015000 	C:\WINDOWS\SYSTEM32\igdusc32.dll
0x06d70000 - 0x06d7d000 	C:\Windows\System32\jmacm.dll
0x69df0000 - 0x69dfa000 	C:\WINDOWS\SYSTEM32\imaadp32.acm
0x69800000 - 0x69816000 	C:\Windows\SYSTEM32\l3codeca.acm
0x697f0000 - 0x697f9000 	C:\WINDOWS\SYSTEM32\msadp32.acm
0x685a0000 - 0x685a8000 	C:\WINDOWS\SYSTEM32\msg711.acm
0x67ba0000 - 0x67bac000 	C:\WINDOWS\SYSTEM32\msgsm32.acm
0x070b0000 - 0x070bc000 	C:\Windows\System32\jmdaud.dll
0x6ca50000 - 0x6cad6000 	C:\WINDOWS\SYSTEM32\DSOUND.dll
0x75fd0000 - 0x76052000 	C:\WINDOWS\SYSTEM32\clbcatq.dll
0x70060000 - 0x700b4000 	C:\WINDOWS\System32\MMDevApi.dll
0x70210000 - 0x70352000 	C:\WINDOWS\System32\PROPSYS.dll
0x6bbc0000 - 0x6bc28000 	C:\WINDOWS\SYSTEM32\AUDIOSES.DLL
0x6baf0000 - 0x6bbb5000 	C:\WINDOWS\SYSTEM32\wintypes.dll
0x6d360000 - 0x6d366000 	C:\Program Files (x86)\Java\jre6\bin\jawt.dll
0x089c0000 - 0x089c9000 	C:\Windows\System32\jmfjawt.dll

VM Arguments:
jvm_args: -Djava.security.policy=java.policy.applet -Dfile.encoding=GBK 
java_command: sun.applet.AppletViewer AudioVideoReceiver1449496147673.html
Launcher Type: SUN_STANDARD

Environment Variables:
CLASSPATH=.;.;c:\PROGRA~2\java\jdk1.6.0_21\jmf\lib\sound.jar;c:\PROGRA~2\java\jdk1.6.0_21\jmf\lib\jmf.jar;c:\PROGRA~2\java\jdk1.6.0_21\jmf\lib;
PATH=C:/Program Files (x86)/Java/jre6/bin/client;C:/Program Files (x86)/Java/jre6/bin;C:/Program Files (x86)/Java/jre6/lib/i386;C:\WINDOWS\system32;C:\WINDOWS;C:\WINDOWS\System32\Wbem;C:\WINDOWS\System32\WindowsPowerShell\v1.0\;C:\Program Files (x86)\Windows Kits\8.1\Windows Performance Toolkit\;C:\Program Files\Microsoft SQL Server\110\Tools\Binn\;C:\Program Files (x86)\Java\jdk1.6.0_21\bin;;E:\ÎÄµµ\MyTeacher\ÕÔ½¨°î\Java\eclipse_javacc\eclipse_javacc;
USERNAME=LazyMan
OS=Windows_NT
PROCESSOR_IDENTIFIER=Intel64 Family 6 Model 58 Stepping 9, GenuineIntel



---------------  S Y S T E M  ---------------

OS: Windows NT 6.2 Build 9200 

CPU:total 4 (8 cores per cpu, 2 threads per core) family 6 model 58 stepping 9, cmov, cx8, fxsr, mmx, sse, sse2, sse3, ssse3, sse4.1, sse4.2, popcnt, ht

Memory: 4k page, physical 8288616k(5199388k free), swap 8812904k(2019084k free)

vm_info: Java HotSpot(TM) Client VM (17.0-b17) for windows-x86 JRE (1.6.0_21-b07), built on Jul 17 2010 01:10:15 by "java_re" with MS VC++ 7.1 (VS2003)

time: Mon Dec 07 21:49:17 2015
elapsed time: 9 seconds

