#
# A fatal error has been detected by the Java Runtime Environment:
#
#  EXCEPTION_ACCESS_VIOLATION (0xc0000005) at pc=0x534ed75e, pid=5624, tid=5644
#
# JRE version: 6.0_21-b07
# Java VM: Java HotSpot(TM) Client VM (17.0-b17 mixed mode, sharing windows-x86 )
# Problematic frame:
# C  [igdumdim32.dll+0x6d75e]
#
# If you would like to submit a bug report, please visit:
#   http://java.sun.com/webapps/bugreport/crash.jsp
# The crash happened outside the Java Virtual Machine in native code.
# See problematic frame for where to report the bug.
#

---------------  T H R E A D  ---------------

Current thread (0x04aff400):  JavaThread "Loop thread: com.sun.media.renderer.video.DDRenderer@1edc073" daemon [_thread_in_native, id=5644, stack(0x08870000,0x088c0000)]

siginfo: ExceptionCode=0xc0000005, reading address 0x00000008

Registers:
EAX=0x09390000, EBX=0x088bf508, ECX=0x002cf488, EDX=0x00298b34
ESP=0x088bf444, EBP=0x088bf44c, ESI=0x00000000, EDI=0x002956c0
EIP=0x534ed75e, EFLAGS=0x00010246

Top of Stack: (sp=0x088bf444)
0x088bf444:   002956c0 00298b34 088bf500 534ca0b4
0x088bf454:   00298b34 00000000 ccbcf09d 00000000
0x088bf464:   534c9e70 00020000 536a3aa8 00000059
0x088bf474:   002956d0 088bf530 002bdb28 8007000e
0x088bf484:   00000000 002cf488 00000000 40000780
0x088bf494:   00000012 0000003d 0000013e 00000169
0x088bf4a4:   00000000 00000000 0000012c 0000012c
0x088bf4b4:   002bed18 00000058 00000000 0010109c 

Instructions: (pc=0x534ed75e)
0x534ed74e:   cc cc 55 8b ec 8b 55 08 56 8b 75 0c 57 8b 42 1c
0x534ed75e:   8b 4e 08 8b 3e 39 3c c8 74 0f 8b 4a 24 89 4e 08 


Stack: [0x08870000,0x088c0000],  sp=0x088bf444,  free space=13d088bed94k
Native frames: (J=compiled Java code, j=interpreted, Vv=VM code, C=native code)
C  [igdumdim32.dll+0x6d75e]
C  [igdumdim32.dll+0x4a0b4]
C  [DDRAW.dll+0x43af4]
C  [DDRAW.dll+0x61a2b]

Java frames: (J=compiled Java code, j=interpreted, Vv=VM code)
j  com.sun.media.renderer.video.DDRenderer.dxDraw(Ljava/lang/Object;JII)Z+0
j  com.sun.media.renderer.video.DDRenderer.doProcess(Ljavax/media/Buffer;)I+217
j  com.sun.media.renderer.video.BasicVideoRenderer.process(Ljavax/media/Buffer;)I+18
j  com.sun.media.BasicRendererModule.processBuffer(Ljavax/media/Buffer;)I+357
j  com.sun.media.BasicRendererModule.scheduleBuffer(Ljavax/media/Buffer;)Z+164
j  com.sun.media.BasicRendererModule.doProcess()Z+330
j  com.sun.media.RenderThread.process()Z+4
j  com.sun.media.util.LoopThread.run()V+14
v  ~StubRoutines::call_stub

---------------  P R O C E S S  ---------------

Java Threads: ( => current thread )
  0x04b03c00 JavaThread "Loop thread: com.sun.media.parser.RawBufferParser$FrameTrack@1feca64" daemon [_thread_blocked, id=14064, stack(0x08d90000,0x08de0000)]
  0x04b03000 JavaThread "Loop thread: com.sun.media.parser.RawBufferParser$FrameTrack@a8c488" daemon [_thread_blocked, id=1052, stack(0x08d00000,0x08d50000)]
  0x04b01800 JavaThread "Loop thread: com.sun.media.renderer.audio.DirectAudioRenderer@191d8c1" daemon [_thread_blocked, id=13600, stack(0x08c70000,0x08cc0000)]
  0x04b02000 JavaThread "DirectSound Request Thread" daemon [_thread_blocked, id=9848, stack(0x08930000,0x08980000)]
=>0x04aff400 JavaThread "Loop thread: com.sun.media.renderer.video.DDRenderer@1edc073" daemon [_thread_in_native, id=5644, stack(0x08870000,0x088c0000)]
  0x04b03800 JavaThread "JMF thread: com.sun.media.PlaybackEngine@1bd0dd4[ com.sun.media.PlaybackEngine@1bd0dd4 ] ( prefetchThread)" daemon [_thread_blocked, id=11876, stack(0x06cc0000,0x06d10000)]
  0x04b02c00 JavaThread "JMF thread: com.sun.media.content.unknown.Handler@19a0c7c[ com.sun.media.content.unknown.Handler@19a0c7c ] ( prefetchThread)" daemon [_thread_blocked, id=12752, stack(0x073b0000,0x07400000)]
  0x04b05400 JavaThread "Loop thread" daemon [_thread_blocked, id=9800, stack(0x06f70000,0x06fc0000)]
  0x04afdc00 JavaThread "JMF thread (PlayThread)" daemon [_thread_blocked, id=180, stack(0x06d50000,0x06da0000)]
  0x04ab2400 JavaThread "JMF thread: SendEventQueue: com.sun.media.PlaybackEngine" daemon [_thread_blocked, id=16400, stack(0x06c30000,0x06c80000)]
  0x04ab4c00 JavaThread "JMF thread: SendEventQueue: com.sun.media.content.unknown.Handler" daemon [_thread_blocked, id=13800, stack(0x051a0000,0x051f0000)]
  0x04ab5400 JavaThread "RTPStream" daemon [_thread_blocked, id=17364, stack(0x05110000,0x05160000)]
  0x04ab3c00 JavaThread "SSRC Cache Cleaner" daemon [_thread_blocked, id=5024, stack(0x05080000,0x050d0000)]
  0x04ab3400 JavaThread "RTP Forwarder for address 224.224.123.0 port 8890" daemon [_thread_in_native, id=15368, stack(0x04ff0000,0x05040000)]
  0x04ab4000 JavaThread "RTCP Forwarder for address224.224.123.0 port 8891" daemon [_thread_in_native, id=9652, stack(0x04f60000,0x04fb0000)]
  0x04ab3000 JavaThread "RTPEventHandler" daemon [_thread_blocked, id=15016, stack(0x04ed0000,0x04f20000)]
  0x04ab1c00 JavaThread "RTCP Reporter" daemon [_thread_blocked, id=4536, stack(0x04e40000,0x04e90000)]
  0x04ab4800 JavaThread "RTPStream" daemon [_thread_blocked, id=12164, stack(0x067a0000,0x067f0000)]
  0x04aad000 JavaThread "SSRC Cache Cleaner" daemon [_thread_blocked, id=16944, stack(0x06710000,0x06760000)]
  0x04aac800 JavaThread "RTP Forwarder for address 224.224.123.0 port 8888" daemon [_thread_in_native, id=14216, stack(0x06680000,0x066d0000)]
  0x04a92400 JavaThread "RTCP Forwarder for address224.224.123.0 port 8889" daemon [_thread_in_native, id=11392, stack(0x065f0000,0x06640000)]
  0x04a97000 JavaThread "RTPEventHandler" daemon [_thread_blocked, id=11076, stack(0x06560000,0x065b0000)]
  0x04a6a000 JavaThread "Thread-4" [_thread_in_native, id=7552, stack(0x063c0000,0x06410000)]
  0x04a56400 JavaThread "AWT-EventQueue-1" [_thread_blocked, id=5008, stack(0x06320000,0x06370000)]
  0x020b9000 JavaThread "DestroyJavaVM" [_thread_blocked, id=13988, stack(0x02020000,0x02070000)]
  0x04990400 JavaThread "AWT-EventQueue-0" [_thread_blocked, id=15132, stack(0x04d20000,0x04d70000)]
  0x04967800 JavaThread "thread applet-AudioVideoReceiver.class" [_thread_blocked, id=11732, stack(0x04db0000,0x04e00000)]
  0x04977400 JavaThread "AWT-Windows" daemon [_thread_in_native, id=10804, stack(0x04bd0000,0x04c20000)]
  0x04976c00 JavaThread "AWT-Shutdown" [_thread_blocked, id=16516, stack(0x04b40000,0x04b90000)]
  0x04976000 JavaThread "Java2D Disposer" daemon [_thread_blocked, id=16708, stack(0x04880000,0x048d0000)]
  0x04265400 JavaThread "Low Memory Detector" daemon [_thread_blocked, id=8372, stack(0x046f0000,0x04740000)]
  0x04261800 JavaThread "CompilerThread0" daemon [_thread_blocked, id=13176, stack(0x04660000,0x046b0000)]
  0x0425c400 JavaThread "Attach Listener" daemon [_thread_blocked, id=16424, stack(0x045d0000,0x04620000)]
  0x04256800 JavaThread "Signal Dispatcher" daemon [_thread_blocked, id=13948, stack(0x04540000,0x04590000)]
  0x04210c00 JavaThread "Finalizer" daemon [_thread_blocked, id=16348, stack(0x044b0000,0x04500000)]
  0x0420f400 JavaThread "Reference Handler" daemon [_thread_blocked, id=16492, stack(0x04420000,0x04470000)]

Other Threads:
  0x0420e000 VMThread [stack: 0x04390000,0x043e0000] [id=13696]
  0x04268c00 WatcherThread [stack: 0x04780000,0x047d0000] [id=11524]

VM state:not at safepoint (normal execution)

VM Mutex/Monitor currently owned by a thread: None

Heap
 def new generation   total 4928K, used 4032K [0x27010000, 0x27560000, 0x2c560000)
  eden space 4416K,  85% used [0x27010000, 0x273c20b0, 0x27460000)
  from space 512K,  48% used [0x27460000, 0x2749e308, 0x274e0000)
  to   space 512K,   0% used [0x274e0000, 0x274e0000, 0x27560000)
 tenured generation   total 10944K, used 4288K [0x2c560000, 0x2d010000, 0x37010000)
   the space 10944K,  39% used [0x2c560000, 0x2c9903c0, 0x2c990400, 0x2d010000)
 compacting perm gen  total 12288K, used 2221K [0x37010000, 0x37c10000, 0x3b010000)
   the space 12288K,  18% used [0x37010000, 0x3723b6c8, 0x3723b800, 0x37c10000)
    ro space 10240K,  51% used [0x3b010000, 0x3b53b700, 0x3b53b800, 0x3ba10000)
    rw space 12288K,  54% used [0x3ba10000, 0x3c0a76c0, 0x3c0a7800, 0x3c610000)

Dynamic libraries:
0x00400000 - 0x00424000 	C:\Program Files (x86)\Java\jre6\bin\javaw.exe
0x77ca0000 - 0x77e19000 	C:\WINDOWS\SYSTEM32\ntdll.dll
0x75ee0000 - 0x75fd0000 	C:\WINDOWS\SYSTEM32\KERNEL32.DLL
0x77b20000 - 0x77c96000 	C:\WINDOWS\SYSTEM32\KERNELBASE.dll
0x75b30000 - 0x75bab000 	C:\WINDOWS\SYSTEM32\ADVAPI32.dll
0x77720000 - 0x777de000 	C:\WINDOWS\SYSTEM32\msvcrt.dll
0x74f70000 - 0x74fb3000 	C:\WINDOWS\SYSTEM32\sechost.dll
0x75330000 - 0x753dc000 	C:\WINDOWS\SYSTEM32\RPCRT4.dll
0x74db0000 - 0x74dce000 	C:\WINDOWS\SYSTEM32\SspiCli.dll
0x74da0000 - 0x74daa000 	C:\WINDOWS\SYSTEM32\CRYPTBASE.dll
0x74d40000 - 0x74d99000 	C:\WINDOWS\SYSTEM32\bcryptPrimitives.dll
0x75bb0000 - 0x75cf0000 	C:\WINDOWS\SYSTEM32\USER32.dll
0x74fc0000 - 0x7510d000 	C:\WINDOWS\SYSTEM32\GDI32.dll
0x77af0000 - 0x77b1b000 	C:\WINDOWS\SYSTEM32\IMM32.DLL
0x75db0000 - 0x75ed0000 	C:\WINDOWS\SYSTEM32\MSCTF.dll
0x74400000 - 0x7442b000 	C:\WINDOWS\SYSTEM32\nvinit.dll
0x74990000 - 0x74998000 	C:\WINDOWS\SYSTEM32\VERSION.dll
0x0f000000 - 0x0f006000 	C:\Program Files (x86)\NVIDIA Corporation\CoProcManager\_etoured.dll
0x70490000 - 0x704b9000 	C:\Program Files (x86)\NVIDIA Corporation\CoProcManager\nvd3d9wrap.dll
0x777e0000 - 0x77985000 	C:\WINDOWS\SYSTEM32\SETUPAPI.dll
0x77ab0000 - 0x77ae6000 	C:\WINDOWS\SYSTEM32\CFGMGR32.dll
0x70470000 - 0x7048e000 	C:\Program Files (x86)\NVIDIA Corporation\CoProcManager\nvdxgiwrap.dll
0x7c340000 - 0x7c396000 	C:\Program Files (x86)\Java\jre6\bin\msvcr71.dll
0x6d800000 - 0x6daa7000 	C:\Program Files (x86)\Java\jre6\bin\client\jvm.dll
0x72f00000 - 0x72f24000 	C:\WINDOWS\SYSTEM32\WINMM.dll
0x72ec0000 - 0x72ee3000 	C:\WINDOWS\SYSTEM32\WINMMBASE.dll
0x72e90000 - 0x72eb1000 	C:\WINDOWS\SYSTEM32\DEVOBJ.dll
0x707b0000 - 0x70841000 	C:\WINDOWS\system32\apphelp.dll
0x6d7b0000 - 0x6d7bc000 	C:\Program Files (x86)\Java\jre6\bin\verify.dll
0x6d330000 - 0x6d34f000 	C:\Program Files (x86)\Java\jre6\bin\java.dll
0x6d290000 - 0x6d298000 	C:\Program Files (x86)\Java\jre6\bin\hpi.dll
0x75ed0000 - 0x75ed6000 	C:\WINDOWS\SYSTEM32\PSAPI.DLL
0x6d7f0000 - 0x6d7ff000 	C:\Program Files (x86)\Java\jre6\bin\zip.dll
0x6d000000 - 0x6d14a000 	C:\Program Files (x86)\Java\jre6\bin\awt.dll
0x76060000 - 0x7614a000 	C:\WINDOWS\SYSTEM32\ole32.dll
0x75170000 - 0x7532a000 	C:\WINDOWS\SYSTEM32\combase.dll
0x729e0000 - 0x72a47000 	C:\WINDOWS\SYSTEM32\WINSPOOL.DRV
0x74060000 - 0x7407b000 	C:\WINDOWS\SYSTEM32\bcrypt.dll
0x72050000 - 0x72259000 	C:\WINDOWS\WinSxS\x86_microsoft.windows.common-controls_6595b64144ccf1df_6.0.10240.16384_none_3bccb1ff6bcd1849\COMCTL32.dll
0x5c900000 - 0x5cb64000 	C:\WINDOWS\AppPatch\AcGenral.DLL
0x779a0000 - 0x779e4000 	C:\WINDOWS\SYSTEM32\SHLWAPI.dll
0x77a00000 - 0x77a92000 	C:\WINDOWS\SYSTEM32\OLEAUT32.dll
0x76160000 - 0x7751e000 	C:\WINDOWS\SYSTEM32\SHELL32.dll
0x755b0000 - 0x75a8c000 	C:\WINDOWS\SYSTEM32\windows.storage.dll
0x70ff0000 - 0x71004000 	C:\WINDOWS\SYSTEM32\samcli.dll
0x70890000 - 0x70905000 	C:\WINDOWS\SYSTEM32\UxTheme.dll
0x77590000 - 0x7759c000 	C:\WINDOWS\SYSTEM32\kernel.appcore.dll
0x74dd0000 - 0x74e5d000 	C:\WINDOWS\SYSTEM32\shcore.dll
0x77540000 - 0x77584000 	C:\WINDOWS\SYSTEM32\powrprof.dll
0x779f0000 - 0x779ff000 	C:\WINDOWS\SYSTEM32\profapi.dll
0x713e0000 - 0x713f8000 	C:\WINDOWS\SYSTEM32\MSACM32.dll
0x73850000 - 0x73869000 	C:\WINDOWS\SYSTEM32\USERENV.dll
0x70450000 - 0x7046d000 	C:\WINDOWS\SYSTEM32\dwmapi.dll
0x71190000 - 0x712f0000 	C:\WINDOWS\SYSTEM32\urlmon.dll
0x6ff80000 - 0x6ff97000 	C:\WINDOWS\SYSTEM32\MPR.dll
0x72710000 - 0x729d1000 	C:\WINDOWS\SYSTEM32\iertutil.dll
0x6d230000 - 0x6d284000 	C:\Program Files (x86)\Java\jre6\bin\fontmanager.dll
0x6d610000 - 0x6d623000 	C:\Program Files (x86)\Java\jre6\bin\net.dll
0x74e60000 - 0x74ebc000 	C:\WINDOWS\SYSTEM32\WS2_32.dll
0x76150000 - 0x76157000 	C:\WINDOWS\SYSTEM32\NSI.dll
0x72b90000 - 0x72bde000 	C:\WINDOWS\system32\mswsock.dll
0x6d630000 - 0x6d639000 	C:\Program Files (x86)\Java\jre6\bin\nio.dll
0x10000000 - 0x10015000 	C:\Windows\System32\jmutil.dll
0x72c20000 - 0x72c32000 	C:\WINDOWS\system32\napinsp.dll
0x72c00000 - 0x72c16000 	C:\WINDOWS\system32\pnrpnsp.dll
0x72be0000 - 0x72bf3000 	C:\WINDOWS\system32\NLAapi.dll
0x74520000 - 0x745a4000 	C:\WINDOWS\SYSTEM32\DNSAPI.dll
0x72a90000 - 0x72a9b000 	C:\WINDOWS\System32\winrnr.dll
0x724d0000 - 0x724d8000 	C:\Windows\System32\rasadhlp.dll
0x745b0000 - 0x745e0000 	C:\WINDOWS\SYSTEM32\IPHLPAPI.DLL
0x74460000 - 0x74468000 	C:\WINDOWS\SYSTEM32\WINNSI.DLL
0x72410000 - 0x72456000 	C:\WINDOWS\System32\fwpuclnt.dll
0x051f0000 - 0x051fb000 	C:\Windows\System32\jmvcm.dll
0x72f60000 - 0x72f83000 	C:\WINDOWS\SYSTEM32\MSVFW32.dll
0x06ea0000 - 0x06ec4000 	C:\Windows\System32\jmjpeg.dll
0x06ed0000 - 0x06ed8000 	C:\Windows\System32\jmddraw.dll
0x63b80000 - 0x63c6b000 	C:\WINDOWS\SYSTEM32\DDRAW.dll
0x6caf0000 - 0x6caf7000 	C:\WINDOWS\SYSTEM32\DCIMAN32.dll
0x74ec0000 - 0x74f02000 	C:\WINDOWS\SYSTEM32\WINTRUST.dll
0x77aa0000 - 0x77aae000 	C:\WINDOWS\SYSTEM32\MSASN1.dll
0x775a0000 - 0x77715000 	C:\WINDOWS\SYSTEM32\CRYPT32.dll
0x64360000 - 0x64459000 	C:\WINDOWS\SYSTEM32\nvumdshim.dll
0x53480000 - 0x53e79000 	C:\WINDOWS\system32\igdumdim32.dll
0x63510000 - 0x63885000 	C:\WINDOWS\SYSTEM32\igdusc32.dll
0x06ef0000 - 0x06efd000 	C:\Windows\System32\jmacm.dll
0x6abc0000 - 0x6abca000 	C:\WINDOWS\SYSTEM32\imaadp32.acm
0x67c10000 - 0x67c26000 	C:\Windows\SYSTEM32\l3codeca.acm
0x67cb0000 - 0x67cb9000 	C:\WINDOWS\SYSTEM32\msadp32.acm
0x660c0000 - 0x660c8000 	C:\WINDOWS\SYSTEM32\msg711.acm
0x660b0000 - 0x660bc000 	C:\WINDOWS\SYSTEM32\msgsm32.acm
0x07130000 - 0x0713c000 	C:\Windows\System32\jmdaud.dll
0x6ca50000 - 0x6cad6000 	C:\WINDOWS\SYSTEM32\DSOUND.dll
0x75fd0000 - 0x76052000 	C:\WINDOWS\SYSTEM32\clbcatq.dll
0x70060000 - 0x700b4000 	C:\WINDOWS\System32\MMDevApi.dll
0x70210000 - 0x70352000 	C:\WINDOWS\System32\PROPSYS.dll
0x6bbc0000 - 0x6bc28000 	C:\WINDOWS\SYSTEM32\AUDIOSES.DLL
0x6baf0000 - 0x6bbb5000 	C:\WINDOWS\SYSTEM32\wintypes.dll
0x6d360000 - 0x6d366000 	C:\Program Files (x86)\Java\jre6\bin\jawt.dll
0x09270000 - 0x09279000 	C:\Windows\System32\jmfjawt.dll

VM Arguments:
jvm_args: -Djava.security.policy=java.policy.applet -Dfile.encoding=GBK 
java_command: sun.applet.AppletViewer AudioVideoReceiver1449414658170.html
Launcher Type: SUN_STANDARD

Environment Variables:
CLASSPATH=.;.;c:\PROGRA~2\java\jdk1.6.0_21\jmf\lib\sound.jar;c:\PROGRA~2\java\jdk1.6.0_21\jmf\lib\jmf.jar;c:\PROGRA~2\java\jdk1.6.0_21\jmf\lib;
PATH=C:/Program Files (x86)/Java/jre6/bin/client;C:/Program Files (x86)/Java/jre6/bin;C:/Program Files (x86)/Java/jre6/lib/i386;C:\WINDOWS\system32;C:\WINDOWS;C:\WINDOWS\System32\Wbem;C:\WINDOWS\System32\WindowsPowerShell\v1.0\;C:\Program Files (x86)\Windows Kits\8.1\Windows Performance Toolkit\;C:\Program Files\Microsoft SQL Server\110\Tools\Binn\;C:\Program Files (x86)\Java\jdk1.6.0_21\bin;;E:\ÎÄµµ\MyTeacher\ÕÔ½¨°î\Java\eclipse_javacc\eclipse_javacc;
USERNAME=LazyMan
OS=Windows_NT
PROCESSOR_IDENTIFIER=Intel64 Family 6 Model 58 Stepping 9, GenuineIntel



---------------  S Y S T E M  ---------------

OS: Windows NT 6.2 Build 9200 

CPU:total 4 (8 cores per cpu, 2 threads per core) family 6 model 58 stepping 9, cmov, cx8, fxsr, mmx, sse, sse2, sse3, ssse3, sse4.1, sse4.2, popcnt, ht

Memory: 4k page, physical 8288616k(4403584k free), swap 8812904k(2634380k free)

vm_info: Java HotSpot(TM) Client VM (17.0-b17) for windows-x86 JRE (1.6.0_21-b07), built on Jul 17 2010 01:10:15 by "java_re" with MS VC++ 7.1 (VS2003)

time: Sun Dec 06 23:11:06 2015
elapsed time: 7 seconds

